<?xml version="1.0" encoding="UTF-8"?>
<!-- Generated by org.testng.reporters.JUnitReportReporter -->
<testsuite skipped="0" hostname="DESKTOP-AEIQ660" name="testNGExercise.TC_002" tests="1" failures="0" timestamp="2020-05-09T01:36:17 IST" time="0.004" errors="0">
  <testcase name="m1" time="0.004" classname="testNGExercise.TC_002"/>
</testsuite> <!-- testNGExercise.TC_002 -->
