<?xml version="1.0" encoding="UTF-8"?>
<!-- Generated by org.testng.reporters.JUnitReportReporter -->
<testsuite skipped="0" hostname="DESKTOP-AEIQ660" name="testNGExercise.TestNGTest" tests="1" failures="0" timestamp="2020-05-09T01:29:12 IST" time="0.015" errors="0">
  <testcase name="m1" time="0.015" classname="testNGExercise.TestNGTest"/>
</testsuite> <!-- testNGExercise.TestNGTest -->
