<?xml version="1.0" encoding="UTF-8"?>
<!-- Generated by org.testng.reporters.JUnitReportReporter -->
<testsuite skipped="0" hostname="DESKTOP-AEIQ660" name="testNGExercise.TC_002" tests="1" failures="0" timestamp="2020-05-05T11:28:00 IST" time="0.025" errors="0">
  <testcase name="m1" time="0.025" classname="testNGExercise.TC_002"/>
</testsuite> <!-- testNGExercise.TC_002 -->
